
  .   ____          _            __ _ _
 /\\ / ___'_ __ _ _(_)_ __  __ _ \ \ \ \
( ( )\___ | '_ | '_| | '_ \/ _` | \ \ \ \
 \\/  ___)| |_)| | | | | || (_| |  ) ) ) )
  '  |____| .__|_| |_|_| |_\__, | / / / /
 =========|_|==============|___/=/_/_/_/
 :: Spring Boot ::                (v3.0.5)

2024-06-04T20:10:40.074+02:00  INFO 44491 --- [           main] c.e.a.AyuntamientoApiApplication         : Starting AyuntamientoApiApplication using Java 18.0.1.1 with PID 44491 (/Users/vagosestudios/Desktop/UV/ProyectoFinal/ProyectoFinalMaster/ayuntamiento-api/target/ayuntamiento-api-1.0-SNAPSHOT.jar started by vagosestudios in /Users/vagosestudios/Desktop/UV/ProyectoFinal/ProyectoFinalMaster)
2024-06-04T20:10:40.075+02:00  INFO 44491 --- [           main] c.e.a.AyuntamientoApiApplication         : No active profile set, falling back to 1 default profile: "default"
2024-06-04T20:10:40.594+02:00  INFO 44491 --- [           main] .s.d.r.c.RepositoryConfigurationDelegate : Bootstrapping Spring Data MongoDB repositories in DEFAULT mode.
2024-06-04T20:10:40.713+02:00  INFO 44491 --- [           main] .s.d.r.c.RepositoryConfigurationDelegate : Finished Spring Data repository scanning in 115 ms. Found 1 MongoDB repository interfaces.
2024-06-04T20:10:41.156+02:00  INFO 44491 --- [           main] o.s.b.w.embedded.tomcat.TomcatWebServer  : Tomcat initialized with port(s): 8084 (http)
2024-06-04T20:10:41.167+02:00  INFO 44491 --- [           main] o.apache.catalina.core.StandardService   : Starting service [Tomcat]
2024-06-04T20:10:41.168+02:00  INFO 44491 --- [           main] o.apache.catalina.core.StandardEngine    : Starting Servlet engine: [Apache Tomcat/10.1.7]
2024-06-04T20:10:41.258+02:00  INFO 44491 --- [           main] o.a.c.c.C.[Tomcat].[localhost].[/]       : Initializing Spring embedded WebApplicationContext
2024-06-04T20:10:41.259+02:00  INFO 44491 --- [           main] w.s.c.ServletWebServerApplicationContext : Root WebApplicationContext: initialization completed in 1136 ms
2024-06-04T20:10:41.396+02:00  INFO 44491 --- [           main] f.a.AutowiredAnnotationBeanPostProcessor : Autowired annotation should only be used on methods with parameters: public void com.example.ayuntamientoapi.config.ScheduledTasks.aggregateDataTask()
2024-06-04T20:10:41.551+02:00  INFO 44491 --- [           main] org.mongodb.driver.client                : MongoClient with metadata {"driver": {"name": "mongo-java-driver|sync|spring-boot", "version": "4.8.2"}, "os": {"type": "Darwin", "name": "Mac OS X", "architecture": "aarch64", "version": "14.4.1"}, "platform": "Java/Oracle Corporation/18.0.1.1+2-6"} created with settings MongoClientSettings{readPreference=primary, writeConcern=WriteConcern{w=null, wTimeout=null ms, journal=null}, retryWrites=true, retryReads=true, readConcern=ReadConcern{level=null}, credential=null, streamFactoryFactory=null, commandListeners=[], codecRegistry=ProvidersCodecRegistry{codecProviders=[ValueCodecProvider{}, BsonValueCodecProvider{}, DBRefCodecProvider{}, DBObjectCodecProvider{}, DocumentCodecProvider{}, CollectionCodecProvider{}, IterableCodecProvider{}, MapCodecProvider{}, GeoJsonCodecProvider{}, GridFSFileCodecProvider{}, Jsr310CodecProvider{}, JsonObjectCodecProvider{}, BsonCodecProvider{}, EnumCodecProvider{}, com.mongodb.Jep395RecordCodecProvider@278bb07e]}, clusterSettings={hosts=[localhost:27017], srvServiceName=mongodb, mode=SINGLE, requiredClusterType=UNKNOWN, requiredReplicaSetName='null', serverSelector='null', clusterListeners='[]', serverSelectionTimeout='30000 ms', localThreshold='30000 ms'}, socketSettings=SocketSettings{connectTimeoutMS=10000, readTimeoutMS=0, receiveBufferSize=0, sendBufferSize=0}, heartbeatSocketSettings=SocketSettings{connectTimeoutMS=10000, readTimeoutMS=10000, receiveBufferSize=0, sendBufferSize=0}, connectionPoolSettings=ConnectionPoolSettings{maxSize=100, minSize=0, maxWaitTimeMS=120000, maxConnectionLifeTimeMS=0, maxConnectionIdleTimeMS=0, maintenanceInitialDelayMS=0, maintenanceFrequencyMS=60000, connectionPoolListeners=[], maxConnecting=2}, serverSettings=ServerSettings{heartbeatFrequencyMS=10000, minHeartbeatFrequencyMS=500, serverListeners='[]', serverMonitorListeners='[]'}, sslSettings=SslSettings{enabled=false, invalidHostNameAllowed=false, context=null}, applicationName='null', compressorList=[], uuidRepresentation=JAVA_LEGACY, serverApi=null, autoEncryptionSettings=null, contextProvider=null}
2024-06-04T20:10:41.601+02:00  INFO 44491 --- [localhost:27017] org.mongodb.driver.cluster               : Monitor thread successfully connected to server with description ServerDescription{address=localhost:27017, type=STANDALONE, state=CONNECTED, ok=true, minWireVersion=0, maxWireVersion=21, maxDocumentSize=16777216, logicalSessionTimeoutMinutes=30, roundTripTimeNanos=37854958}
2024-06-04T20:10:41.999+02:00 ERROR 44491 --- [           main] i.n.r.d.DnsServerAddressStreamProviders  : Unable to load io.netty.resolver.dns.macos.MacOSDnsServerAddressStreamProvider, fallback to system defaults. This may result in incorrect DNS resolutions on MacOS. Check whether you have a dependency on 'io.netty:netty-resolver-dns-native-macos'. Use DEBUG level to see the full stack: java.lang.UnsatisfiedLinkError: failed to load the required native library
2024-06-04T20:10:42.269+02:00  WARN 44491 --- [           main] ConfigServletWebServerApplicationContext : Exception encountered during context initialization - cancelling refresh attempt: org.springframework.beans.factory.BeanCreationException: Error creating bean with name 'scheduledTasks': Injection of autowired dependencies failed
2024-06-04T20:10:44.381+02:00  INFO 44491 --- [           main] o.apache.catalina.core.StandardService   : Stopping service [Tomcat]
2024-06-04T20:10:44.401+02:00  INFO 44491 --- [           main] .s.b.a.l.ConditionEvaluationReportLogger : 

Error starting ApplicationContext. To display the condition evaluation report re-run your application with 'debug' enabled.
2024-06-04T20:10:44.421+02:00 ERROR 44491 --- [           main] o.s.boot.SpringApplication               : Application run failed

org.springframework.beans.factory.BeanCreationException: Error creating bean with name 'scheduledTasks': Injection of autowired dependencies failed
	at org.springframework.beans.factory.annotation.AutowiredAnnotationBeanPostProcessor.postProcessProperties(AutowiredAnnotationBeanPostProcessor.java:488) ~[spring-beans-6.0.7.jar!/:6.0.7]
	at org.springframework.beans.factory.support.AbstractAutowireCapableBeanFactory.populateBean(AbstractAutowireCapableBeanFactory.java:1416) ~[spring-beans-6.0.7.jar!/:6.0.7]
	at org.springframework.beans.factory.support.AbstractAutowireCapableBeanFactory.doCreateBean(AbstractAutowireCapableBeanFactory.java:597) ~[spring-beans-6.0.7.jar!/:6.0.7]
	at org.springframework.beans.factory.support.AbstractAutowireCapableBeanFactory.createBean(AbstractAutowireCapableBeanFactory.java:520) ~[spring-beans-6.0.7.jar!/:6.0.7]
	at org.springframework.beans.factory.support.AbstractBeanFactory.lambda$doGetBean$0(AbstractBeanFactory.java:326) ~[spring-beans-6.0.7.jar!/:6.0.7]
	at org.springframework.beans.factory.support.DefaultSingletonBeanRegistry.getSingleton(DefaultSingletonBeanRegistry.java:234) ~[spring-beans-6.0.7.jar!/:6.0.7]
	at org.springframework.beans.factory.support.AbstractBeanFactory.doGetBean(AbstractBeanFactory.java:324) ~[spring-beans-6.0.7.jar!/:6.0.7]
	at org.springframework.beans.factory.support.AbstractBeanFactory.getBean(AbstractBeanFactory.java:200) ~[spring-beans-6.0.7.jar!/:6.0.7]
	at org.springframework.beans.factory.support.DefaultListableBeanFactory.preInstantiateSingletons(DefaultListableBeanFactory.java:973) ~[spring-beans-6.0.7.jar!/:6.0.7]
	at org.springframework.context.support.AbstractApplicationContext.finishBeanFactoryInitialization(AbstractApplicationContext.java:917) ~[spring-context-6.0.7.jar!/:6.0.7]
	at org.springframework.context.support.AbstractApplicationContext.refresh(AbstractApplicationContext.java:584) ~[spring-context-6.0.7.jar!/:6.0.7]
	at org.springframework.boot.web.servlet.context.ServletWebServerApplicationContext.refresh(ServletWebServerApplicationContext.java:146) ~[spring-boot-3.0.5.jar!/:3.0.5]
	at org.springframework.boot.SpringApplication.refresh(SpringApplication.java:732) ~[spring-boot-3.0.5.jar!/:3.0.5]
	at org.springframework.boot.SpringApplication.refreshContext(SpringApplication.java:434) ~[spring-boot-3.0.5.jar!/:3.0.5]
	at org.springframework.boot.SpringApplication.run(SpringApplication.java:310) ~[spring-boot-3.0.5.jar!/:3.0.5]
	at org.springframework.boot.SpringApplication.run(SpringApplication.java:1304) ~[spring-boot-3.0.5.jar!/:3.0.5]
	at org.springframework.boot.SpringApplication.run(SpringApplication.java:1293) ~[spring-boot-3.0.5.jar!/:3.0.5]
	at com.example.ayuntamientoapi.AyuntamientoApiApplication.main(AyuntamientoApiApplication.java:9) ~[classes!/:na]
	at java.base/jdk.internal.reflect.DirectMethodHandleAccessor.invoke(DirectMethodHandleAccessor.java:104) ~[na:na]
	at java.base/java.lang.reflect.Method.invoke(Method.java:577) ~[na:na]
	at org.springframework.boot.loader.MainMethodRunner.run(MainMethodRunner.java:49) ~[ayuntamiento-api-1.0-SNAPSHOT.jar:na]
	at org.springframework.boot.loader.Launcher.launch(Launcher.java:95) ~[ayuntamiento-api-1.0-SNAPSHOT.jar:na]
	at org.springframework.boot.loader.Launcher.launch(Launcher.java:58) ~[ayuntamiento-api-1.0-SNAPSHOT.jar:na]
	at org.springframework.boot.loader.JarLauncher.main(JarLauncher.java:65) ~[ayuntamiento-api-1.0-SNAPSHOT.jar:na]
Caused by: org.springframework.web.reactive.function.client.WebClientRequestException: Connection refused: localhost/[0:0:0:0:0:0:0:1]:8081
	at org.springframework.web.reactive.function.client.ExchangeFunctions$DefaultExchangeFunction.lambda$wrapException$9(ExchangeFunctions.java:136) ~[spring-webflux-6.0.7.jar!/:6.0.7]
	Suppressed: reactor.core.publisher.FluxOnAssembly$OnAssemblyException: 
Error has been observed at the following site(s):
	*__checkpoint ⇢ Request to GET http://localhost:8081/api/v1/average [DefaultWebClient]
Original Stack Trace:
		at org.springframework.web.reactive.function.client.ExchangeFunctions$DefaultExchangeFunction.lambda$wrapException$9(ExchangeFunctions.java:136) ~[spring-webflux-6.0.7.jar!/:6.0.7]
		at reactor.core.publisher.MonoErrorSupplied.subscribe(MonoErrorSupplied.java:55) ~[reactor-core-3.5.4.jar!/:3.5.4]
		at reactor.core.publisher.Mono.subscribe(Mono.java:4485) ~[reactor-core-3.5.4.jar!/:3.5.4]
		at reactor.core.publisher.FluxOnErrorResume$ResumeSubscriber.onError(FluxOnErrorResume.java:103) ~[reactor-core-3.5.4.jar!/:3.5.4]
		at reactor.core.publisher.FluxPeek$PeekSubscriber.onError(FluxPeek.java:222) ~[reactor-core-3.5.4.jar!/:3.5.4]
		at reactor.core.publisher.FluxPeek$PeekSubscriber.onError(FluxPeek.java:222) ~[reactor-core-3.5.4.jar!/:3.5.4]
		at reactor.core.publisher.FluxPeek$PeekSubscriber.onError(FluxPeek.java:222) ~[reactor-core-3.5.4.jar!/:3.5.4]
		at reactor.core.publisher.MonoNext$NextSubscriber.onError(MonoNext.java:93) ~[reactor-core-3.5.4.jar!/:3.5.4]
		at reactor.core.publisher.MonoFlatMapMany$FlatMapManyMain.onError(MonoFlatMapMany.java:204) ~[reactor-core-3.5.4.jar!/:3.5.4]
		at reactor.core.publisher.SerializedSubscriber.onError(SerializedSubscriber.java:124) ~[reactor-core-3.5.4.jar!/:3.5.4]
		at reactor.core.publisher.FluxRetryWhen$RetryWhenMainSubscriber.whenError(FluxRetryWhen.java:225) ~[reactor-core-3.5.4.jar!/:3.5.4]
		at reactor.core.publisher.FluxRetryWhen$RetryWhenOtherSubscriber.onError(FluxRetryWhen.java:274) ~[reactor-core-3.5.4.jar!/:3.5.4]
		at reactor.core.publisher.FluxContextWrite$ContextWriteSubscriber.onError(FluxContextWrite.java:121) ~[reactor-core-3.5.4.jar!/:3.5.4]
		at reactor.core.publisher.FluxConcatMapNoPrefetch$FluxConcatMapNoPrefetchSubscriber.maybeOnError(FluxConcatMapNoPrefetch.java:326) ~[reactor-core-3.5.4.jar!/:3.5.4]
		at reactor.core.publisher.FluxConcatMapNoPrefetch$FluxConcatMapNoPrefetchSubscriber.onNext(FluxConcatMapNoPrefetch.java:211) ~[reactor-core-3.5.4.jar!/:3.5.4]
		at reactor.core.publisher.FluxContextWrite$ContextWriteSubscriber.onNext(FluxContextWrite.java:107) ~[reactor-core-3.5.4.jar!/:3.5.4]
		at reactor.core.publisher.SinkManyEmitterProcessor.drain(SinkManyEmitterProcessor.java:471) ~[reactor-core-3.5.4.jar!/:3.5.4]
		at reactor.core.publisher.SinkManyEmitterProcessor$EmitterInner.drainParent(SinkManyEmitterProcessor.java:615) ~[reactor-core-3.5.4.jar!/:3.5.4]
		at reactor.core.publisher.FluxPublish$PubSubInner.request(FluxPublish.java:602) ~[reactor-core-3.5.4.jar!/:3.5.4]
		at reactor.core.publisher.FluxContextWrite$ContextWriteSubscriber.request(FluxContextWrite.java:136) ~[reactor-core-3.5.4.jar!/:3.5.4]
		at reactor.core.publisher.FluxConcatMapNoPrefetch$FluxConcatMapNoPrefetchSubscriber.request(FluxConcatMapNoPrefetch.java:336) ~[reactor-core-3.5.4.jar!/:3.5.4]
		at reactor.core.publisher.FluxContextWrite$ContextWriteSubscriber.request(FluxContextWrite.java:136) ~[reactor-core-3.5.4.jar!/:3.5.4]
		at reactor.core.publisher.Operators$DeferredSubscription.request(Operators.java:1717) ~[reactor-core-3.5.4.jar!/:3.5.4]
		at reactor.core.publisher.FluxRetryWhen$RetryWhenMainSubscriber.onError(FluxRetryWhen.java:192) ~[reactor-core-3.5.4.jar!/:3.5.4]
		at reactor.core.publisher.MonoCreate$DefaultMonoSink.error(MonoCreate.java:201) ~[reactor-core-3.5.4.jar!/:3.5.4]
		at reactor.netty.http.client.HttpClientConnect$MonoHttpConnect$ClientTransportSubscriber.onError(HttpClientConnect.java:311) ~[reactor-netty-http-1.1.5.jar!/:1.1.5]
		at reactor.core.publisher.MonoCreate$DefaultMonoSink.error(MonoCreate.java:201) ~[reactor-core-3.5.4.jar!/:3.5.4]
		at reactor.netty.resources.DefaultPooledConnectionProvider$DisposableAcquire.onError(DefaultPooledConnectionProvider.java:162) ~[reactor-netty-core-1.1.5.jar!/:1.1.5]
		at reactor.netty.internal.shaded.reactor.pool.AbstractPool$Borrower.fail(AbstractPool.java:475) ~[reactor-netty-core-1.1.5.jar!/:1.1.5]
		at reactor.netty.internal.shaded.reactor.pool.SimpleDequePool.lambda$drainLoop$9(SimpleDequePool.java:429) ~[reactor-netty-core-1.1.5.jar!/:1.1.5]
		at reactor.core.publisher.FluxDoOnEach$DoOnEachSubscriber.onError(FluxDoOnEach.java:186) ~[reactor-core-3.5.4.jar!/:3.5.4]
		at reactor.core.publisher.MonoCreate$DefaultMonoSink.error(MonoCreate.java:201) ~[reactor-core-3.5.4.jar!/:3.5.4]
		at reactor.netty.resources.DefaultPooledConnectionProvider$PooledConnectionAllocator$PooledConnectionInitializer.onError(DefaultPooledConnectionProvider.java:560) ~[reactor-netty-core-1.1.5.jar!/:1.1.5]
		at reactor.core.publisher.MonoFlatMap$FlatMapMain.secondError(MonoFlatMap.java:241) ~[reactor-core-3.5.4.jar!/:3.5.4]
		at reactor.core.publisher.MonoFlatMap$FlatMapInner.onError(MonoFlatMap.java:315) ~[reactor-core-3.5.4.jar!/:3.5.4]
		at reactor.core.publisher.FluxOnErrorResume$ResumeSubscriber.onError(FluxOnErrorResume.java:106) ~[reactor-core-3.5.4.jar!/:3.5.4]
		at reactor.core.publisher.SerializedSubscriber.onError(SerializedSubscriber.java:124) ~[reactor-core-3.5.4.jar!/:3.5.4]
		at reactor.core.publisher.FluxRetryWhen$RetryWhenMainSubscriber.whenError(FluxRetryWhen.java:225) ~[reactor-core-3.5.4.jar!/:3.5.4]
		at reactor.core.publisher.FluxRetryWhen$RetryWhenOtherSubscriber.onError(FluxRetryWhen.java:274) ~[reactor-core-3.5.4.jar!/:3.5.4]
		at reactor.core.publisher.FluxContextWrite$ContextWriteSubscriber.onError(FluxContextWrite.java:121) ~[reactor-core-3.5.4.jar!/:3.5.4]
		at reactor.core.publisher.FluxConcatMapNoPrefetch$FluxConcatMapNoPrefetchSubscriber.maybeOnError(FluxConcatMapNoPrefetch.java:326) ~[reactor-core-3.5.4.jar!/:3.5.4]
		at reactor.core.publisher.FluxConcatMapNoPrefetch$FluxConcatMapNoPrefetchSubscriber.onNext(FluxConcatMapNoPrefetch.java:211) ~[reactor-core-3.5.4.jar!/:3.5.4]
		at reactor.core.publisher.FluxContextWrite$ContextWriteSubscriber.onNext(FluxContextWrite.java:107) ~[reactor-core-3.5.4.jar!/:3.5.4]
		at reactor.core.publisher.SinkManyEmitterProcessor.drain(SinkManyEmitterProcessor.java:471) ~[reactor-core-3.5.4.jar!/:3.5.4]
		at reactor.core.publisher.SinkManyEmitterProcessor$EmitterInner.drainParent(SinkManyEmitterProcessor.java:615) ~[reactor-core-3.5.4.jar!/:3.5.4]
		at reactor.core.publisher.FluxPublish$PubSubInner.request(FluxPublish.java:602) ~[reactor-core-3.5.4.jar!/:3.5.4]
		at reactor.core.publisher.FluxContextWrite$ContextWriteSubscriber.request(FluxContextWrite.java:136) ~[reactor-core-3.5.4.jar!/:3.5.4]
		at reactor.core.publisher.FluxConcatMapNoPrefetch$FluxConcatMapNoPrefetchSubscriber.request(FluxConcatMapNoPrefetch.java:336) ~[reactor-core-3.5.4.jar!/:3.5.4]
		at reactor.core.publisher.FluxContextWrite$ContextWriteSubscriber.request(FluxContextWrite.java:136) ~[reactor-core-3.5.4.jar!/:3.5.4]
		at reactor.core.publisher.Operators$DeferredSubscription.request(Operators.java:1717) ~[reactor-core-3.5.4.jar!/:3.5.4]
		at reactor.core.publisher.FluxRetryWhen$RetryWhenMainSubscriber.onError(FluxRetryWhen.java:192) ~[reactor-core-3.5.4.jar!/:3.5.4]
		at reactor.core.publisher.MonoFlatMap$FlatMapMain.secondError(MonoFlatMap.java:241) ~[reactor-core-3.5.4.jar!/:3.5.4]
		at reactor.core.publisher.MonoFlatMap$FlatMapInner.onError(MonoFlatMap.java:315) ~[reactor-core-3.5.4.jar!/:3.5.4]
		at reactor.netty.transport.TransportConnector$MonoChannelPromise.tryFailure(TransportConnector.java:587) ~[reactor-netty-core-1.1.5.jar!/:1.1.5]
		at reactor.netty.transport.TransportConnector$MonoChannelPromise.setFailure(TransportConnector.java:541) ~[reactor-netty-core-1.1.5.jar!/:1.1.5]
		at reactor.netty.transport.TransportConnector.lambda$doConnect$7(TransportConnector.java:265) ~[reactor-netty-core-1.1.5.jar!/:1.1.5]
		at io.netty.util.concurrent.DefaultPromise.notifyListener0(DefaultPromise.java:590) ~[netty-common-4.1.90.Final.jar!/:4.1.90.Final]
		at io.netty.util.concurrent.DefaultPromise.notifyListeners0(DefaultPromise.java:583) ~[netty-common-4.1.90.Final.jar!/:4.1.90.Final]
		at io.netty.util.concurrent.DefaultPromise.notifyListenersNow(DefaultPromise.java:559) ~[netty-common-4.1.90.Final.jar!/:4.1.90.Final]
		at io.netty.util.concurrent.DefaultPromise.notifyListeners(DefaultPromise.java:492) ~[netty-common-4.1.90.Final.jar!/:4.1.90.Final]
		at io.netty.util.concurrent.DefaultPromise.setValue0(DefaultPromise.java:636) ~[netty-common-4.1.90.Final.jar!/:4.1.90.Final]
		at io.netty.util.concurrent.DefaultPromise.setFailure0(DefaultPromise.java:629) ~[netty-common-4.1.90.Final.jar!/:4.1.90.Final]
		at io.netty.util.concurrent.DefaultPromise.tryFailure(DefaultPromise.java:118) ~[netty-common-4.1.90.Final.jar!/:4.1.90.Final]
		at io.netty.channel.nio.AbstractNioChannel$AbstractNioUnsafe.fulfillConnectPromise(AbstractNioChannel.java:321) ~[netty-transport-4.1.90.Final.jar!/:4.1.90.Final]
		at io.netty.channel.nio.AbstractNioChannel$AbstractNioUnsafe.finishConnect(AbstractNioChannel.java:337) ~[netty-transport-4.1.90.Final.jar!/:4.1.90.Final]
		at io.netty.channel.nio.NioEventLoop.processSelectedKey(NioEventLoop.java:776) ~[netty-transport-4.1.90.Final.jar!/:4.1.90.Final]
		at io.netty.channel.nio.NioEventLoop.processSelectedKeysOptimized(NioEventLoop.java:724) ~[netty-transport-4.1.90.Final.jar!/:4.1.90.Final]
		at io.netty.channel.nio.NioEventLoop.processSelectedKeys(NioEventLoop.java:650) ~[netty-transport-4.1.90.Final.jar!/:4.1.90.Final]
		at io.netty.channel.nio.NioEventLoop.run(NioEventLoop.java:562) ~[netty-transport-4.1.90.Final.jar!/:4.1.90.Final]
		at io.netty.util.concurrent.SingleThreadEventExecutor$4.run(SingleThreadEventExecutor.java:997) ~[netty-common-4.1.90.Final.jar!/:4.1.90.Final]
		at io.netty.util.internal.ThreadExecutorMap$2.run(ThreadExecutorMap.java:74) ~[netty-common-4.1.90.Final.jar!/:4.1.90.Final]
		at io.netty.util.concurrent.FastThreadLocalRunnable.run(FastThreadLocalRunnable.java:30) ~[netty-common-4.1.90.Final.jar!/:4.1.90.Final]
		at java.base/java.lang.Thread.run(Thread.java:833) ~[na:na]
	Suppressed: java.lang.Exception: #block terminated with an error
		at reactor.core.publisher.BlockingSingleSubscriber.blockingGet(BlockingSingleSubscriber.java:99) ~[reactor-core-3.5.4.jar!/:3.5.4]
		at reactor.core.publisher.Mono.block(Mono.java:1710) ~[reactor-core-3.5.4.jar!/:3.5.4]
		at com.example.ayuntamientoapi.service.AggregateDataDTOService.getAverageBikesAvailable(AggregateDataDTOService.java:61) ~[classes!/:na]
		at com.example.ayuntamientoapi.service.AggregateDataDTOService.aggregateData(AggregateDataDTOService.java:40) ~[classes!/:na]
		at com.example.ayuntamientoapi.config.ScheduledTasks.aggregateDataTask(ScheduledTasks.java:20) ~[classes!/:na]
		at java.base/jdk.internal.reflect.DirectMethodHandleAccessor.invoke(DirectMethodHandleAccessor.java:104) ~[na:na]
		at java.base/java.lang.reflect.Method.invoke(Method.java:577) ~[na:na]
		at org.springframework.beans.factory.annotation.AutowiredAnnotationBeanPostProcessor$AutowiredMethodElement.inject(AutowiredAnnotationBeanPostProcessor.java:775) ~[spring-beans-6.0.7.jar!/:6.0.7]
		at org.springframework.beans.factory.annotation.InjectionMetadata.inject(InjectionMetadata.java:133) ~[spring-beans-6.0.7.jar!/:6.0.7]
		at org.springframework.beans.factory.annotation.AutowiredAnnotationBeanPostProcessor.postProcessProperties(AutowiredAnnotationBeanPostProcessor.java:482) ~[spring-beans-6.0.7.jar!/:6.0.7]
		at org.springframework.beans.factory.support.AbstractAutowireCapableBeanFactory.populateBean(AbstractAutowireCapableBeanFactory.java:1416) ~[spring-beans-6.0.7.jar!/:6.0.7]
		at org.springframework.beans.factory.support.AbstractAutowireCapableBeanFactory.doCreateBean(AbstractAutowireCapableBeanFactory.java:597) ~[spring-beans-6.0.7.jar!/:6.0.7]
		at org.springframework.beans.factory.support.AbstractAutowireCapableBeanFactory.createBean(AbstractAutowireCapableBeanFactory.java:520) ~[spring-beans-6.0.7.jar!/:6.0.7]
		at org.springframework.beans.factory.support.AbstractBeanFactory.lambda$doGetBean$0(AbstractBeanFactory.java:326) ~[spring-beans-6.0.7.jar!/:6.0.7]
		at org.springframework.beans.factory.support.DefaultSingletonBeanRegistry.getSingleton(DefaultSingletonBeanRegistry.java:234) ~[spring-beans-6.0.7.jar!/:6.0.7]
		at org.springframework.beans.factory.support.AbstractBeanFactory.doGetBean(AbstractBeanFactory.java:324) ~[spring-beans-6.0.7.jar!/:6.0.7]
		at org.springframework.beans.factory.support.AbstractBeanFactory.getBean(AbstractBeanFactory.java:200) ~[spring-beans-6.0.7.jar!/:6.0.7]
		at org.springframework.beans.factory.support.DefaultListableBeanFactory.preInstantiateSingletons(DefaultListableBeanFactory.java:973) ~[spring-beans-6.0.7.jar!/:6.0.7]
		at org.springframework.context.support.AbstractApplicationContext.finishBeanFactoryInitialization(AbstractApplicationContext.java:917) ~[spring-context-6.0.7.jar!/:6.0.7]
		at org.springframework.context.support.AbstractApplicationContext.refresh(AbstractApplicationContext.java:584) ~[spring-context-6.0.7.jar!/:6.0.7]
		at org.springframework.boot.web.servlet.context.ServletWebServerApplicationContext.refresh(ServletWebServerApplicationContext.java:146) ~[spring-boot-3.0.5.jar!/:3.0.5]
		at org.springframework.boot.SpringApplication.refresh(SpringApplication.java:732) ~[spring-boot-3.0.5.jar!/:3.0.5]
		at org.springframework.boot.SpringApplication.refreshContext(SpringApplication.java:434) ~[spring-boot-3.0.5.jar!/:3.0.5]
		at org.springframework.boot.SpringApplication.run(SpringApplication.java:310) ~[spring-boot-3.0.5.jar!/:3.0.5]
		at org.springframework.boot.SpringApplication.run(SpringApplication.java:1304) ~[spring-boot-3.0.5.jar!/:3.0.5]
		at org.springframework.boot.SpringApplication.run(SpringApplication.java:1293) ~[spring-boot-3.0.5.jar!/:3.0.5]
		at com.example.ayuntamientoapi.AyuntamientoApiApplication.main(AyuntamientoApiApplication.java:9) ~[classes!/:na]
		at java.base/jdk.internal.reflect.DirectMethodHandleAccessor.invoke(DirectMethodHandleAccessor.java:104) ~[na:na]
		at java.base/java.lang.reflect.Method.invoke(Method.java:577) ~[na:na]
		at org.springframework.boot.loader.MainMethodRunner.run(MainMethodRunner.java:49) ~[ayuntamiento-api-1.0-SNAPSHOT.jar:na]
		at org.springframework.boot.loader.Launcher.launch(Launcher.java:95) ~[ayuntamiento-api-1.0-SNAPSHOT.jar:na]
		at org.springframework.boot.loader.Launcher.launch(Launcher.java:58) ~[ayuntamiento-api-1.0-SNAPSHOT.jar:na]
		at org.springframework.boot.loader.JarLauncher.main(JarLauncher.java:65) ~[ayuntamiento-api-1.0-SNAPSHOT.jar:na]
Caused by: io.netty.channel.AbstractChannel$AnnotatedConnectException: Connection refused: localhost/[0:0:0:0:0:0:0:1]:8081
Caused by: java.net.ConnectException: Connection refused
	at java.base/sun.nio.ch.Net.pollConnect(Native Method) ~[na:na]
	at java.base/sun.nio.ch.Net.pollConnectNow(Net.java:672) ~[na:na]
	at java.base/sun.nio.ch.SocketChannelImpl.finishConnect(SocketChannelImpl.java:946) ~[na:na]
	at io.netty.channel.socket.nio.NioSocketChannel.doFinishConnect(NioSocketChannel.java:337) ~[netty-transport-4.1.90.Final.jar!/:4.1.90.Final]
	at io.netty.channel.nio.AbstractNioChannel$AbstractNioUnsafe.finishConnect(AbstractNioChannel.java:334) ~[netty-transport-4.1.90.Final.jar!/:4.1.90.Final]
	at io.netty.channel.nio.NioEventLoop.processSelectedKey(NioEventLoop.java:776) ~[netty-transport-4.1.90.Final.jar!/:4.1.90.Final]
	at io.netty.channel.nio.NioEventLoop.processSelectedKeysOptimized(NioEventLoop.java:724) ~[netty-transport-4.1.90.Final.jar!/:4.1.90.Final]
	at io.netty.channel.nio.NioEventLoop.processSelectedKeys(NioEventLoop.java:650) ~[netty-transport-4.1.90.Final.jar!/:4.1.90.Final]
	at io.netty.channel.nio.NioEventLoop.run(NioEventLoop.java:562) ~[netty-transport-4.1.90.Final.jar!/:4.1.90.Final]
	at io.netty.util.concurrent.SingleThreadEventExecutor$4.run(SingleThreadEventExecutor.java:997) ~[netty-common-4.1.90.Final.jar!/:4.1.90.Final]
	at io.netty.util.internal.ThreadExecutorMap$2.run(ThreadExecutorMap.java:74) ~[netty-common-4.1.90.Final.jar!/:4.1.90.Final]
	at io.netty.util.concurrent.FastThreadLocalRunnable.run(FastThreadLocalRunnable.java:30) ~[netty-common-4.1.90.Final.jar!/:4.1.90.Final]
	at java.base/java.lang.Thread.run(Thread.java:833) ~[na:na]

